{"name": "test_t1", "status": "failed", "statusDetails": {"message": "AssertionError: these 2 values should not be same\nassert 'hello' != 'hello'", "trace": "@pytest.mark.smoke\n    def test_t1():\n        print(\"test_t1_smoke\")\n>       assert ac!= \"hello\",\"these 2 values should not be same\"\nE       AssertionError: these 2 values should not be same\nE       assert 'hello' != 'hello'\n\nAutomationTests\\test_tco1.py:6: AssertionError"}, "attachments": [{"name": "stdout", "source": "d2706509-515c-4706-8c00-4f2f1935ae73-attachment.txt", "type": "text/plain"}], "start": 1709892010799, "stop": 1709892010814, "uuid": "9c70ea09-f5f8-47a8-8e0f-ef4f2448ed97", "historyId": "22961033953218ae0c6ffffee31f3f48", "testCaseId": "22961033953218ae0c6ffffee31f3f48", "fullName": "AutomationTests.test_tco1#test_t1", "labels": [{"name": "tag", "value": "smoke"}, {"name": "parentSuite", "value": "AutomationTests"}, {"name": "suite", "value": "test_tco1"}, {"name": "host", "value": "Sagar-PC"}, {"name": "thread", "value": "10516-MainThread"}, {"name": "framework", "value": "pytest"}, {"name": "language", "value": "cpython3"}, {"name": "package", "value": "AutomationTests.test_tco1"}]}